2022-07-17 12:29:04 Debug: Notice (8): Undefined index:  GoodsMstView in [C:\xampp\htdocs\lilii\admin\app\controllers\customer_estimate_controller.php, line 605]
2022-07-17 12:29:04 Debug: Notice (8): Undefined index:  GoodsMstView in [C:\xampp\htdocs\lilii\admin\app\controllers\customer_estimate_controller.php, line 606]
2022-07-17 12:29:04 Debug: Notice (8): Undefined index:  GoodsMstView in [C:\xampp\htdocs\lilii\admin\app\controllers\customer_estimate_controller.php, line 609]
2022-07-17 12:29:04 Debug: Notice (8): Undefined index:  GoodsMstView in [C:\xampp\htdocs\lilii\admin\app\controllers\customer_estimate_controller.php, line 610]
2022-07-17 12:29:04 Debug: Notice (8): Undefined index:  GoodsMstView in [C:\xampp\htdocs\lilii\admin\app\controllers\customer_estimate_controller.php, line 611]
2022-07-17 12:29:04 Debug: Notice (8): Undefined index:  GoodsMstView in [C:\xampp\htdocs\lilii\admin\app\controllers\customer_estimate_controller.php, line 612]
2022-07-17 12:29:04 Debug: Notice (8): Undefined index:  GoodsMstView in [C:\xampp\htdocs\lilii\admin\app\controllers\customer_estimate_controller.php, line 613]
2022-07-17 12:29:04 Debug: Notice (8): Undefined index:  GoodsMstView in [C:\xampp\htdocs\lilii\admin\app\controllers\customer_estimate_controller.php, line 614]
2022-07-17 12:29:04 Debug: Notice (8): Undefined index:  GoodsMstView in [C:\xampp\htdocs\lilii\admin\app\controllers\customer_estimate_controller.php, line 615]
2022-07-17 12:29:04 Debug: Notice (8): Undefined index:  GoodsMstView in [C:\xampp\htdocs\lilii\admin\app\controllers\customer_estimate_controller.php, line 616]
2022-07-17 12:33:01 Debug: Notice (8): Undefined index:  GoodsMstView in [C:\xampp\htdocs\lilii\admin\app\controllers\customer_estimate_controller.php, line 605]
2022-07-17 12:33:01 Debug: Notice (8): Undefined index:  GoodsMstView in [C:\xampp\htdocs\lilii\admin\app\controllers\customer_estimate_controller.php, line 606]
2022-07-17 12:33:01 Debug: Notice (8): Undefined index:  GoodsMstView in [C:\xampp\htdocs\lilii\admin\app\controllers\customer_estimate_controller.php, line 609]
2022-07-17 12:33:01 Debug: Notice (8): Undefined index:  GoodsMstView in [C:\xampp\htdocs\lilii\admin\app\controllers\customer_estimate_controller.php, line 610]
2022-07-17 12:33:01 Debug: Notice (8): Undefined index:  GoodsMstView in [C:\xampp\htdocs\lilii\admin\app\controllers\customer_estimate_controller.php, line 611]
2022-07-17 12:33:01 Debug: Notice (8): Undefined index:  GoodsMstView in [C:\xampp\htdocs\lilii\admin\app\controllers\customer_estimate_controller.php, line 612]
2022-07-17 12:33:01 Debug: Notice (8): Undefined index:  GoodsMstView in [C:\xampp\htdocs\lilii\admin\app\controllers\customer_estimate_controller.php, line 613]
2022-07-17 12:33:01 Debug: Notice (8): Undefined index:  GoodsMstView in [C:\xampp\htdocs\lilii\admin\app\controllers\customer_estimate_controller.php, line 614]
2022-07-17 12:33:01 Debug: Notice (8): Undefined index:  GoodsMstView in [C:\xampp\htdocs\lilii\admin\app\controllers\customer_estimate_controller.php, line 615]
2022-07-17 12:33:01 Debug: Notice (8): Undefined index:  GoodsMstView in [C:\xampp\htdocs\lilii\admin\app\controllers\customer_estimate_controller.php, line 616]
2022-07-17 12:38:47 Debug: Notice (8): Undefined index:  GoodsMstView in [C:\xampp\htdocs\lilii\admin\app\controllers\customer_estimate_controller.php, line 605]
2022-07-17 12:38:47 Debug: Notice (8): Undefined index:  GoodsMstView in [C:\xampp\htdocs\lilii\admin\app\controllers\customer_estimate_controller.php, line 606]
2022-07-17 12:38:47 Debug: Notice (8): Undefined index:  GoodsMstView in [C:\xampp\htdocs\lilii\admin\app\controllers\customer_estimate_controller.php, line 609]
2022-07-17 12:38:47 Debug: Notice (8): Undefined index:  GoodsMstView in [C:\xampp\htdocs\lilii\admin\app\controllers\customer_estimate_controller.php, line 610]
2022-07-17 12:38:47 Debug: Notice (8): Undefined index:  GoodsMstView in [C:\xampp\htdocs\lilii\admin\app\controllers\customer_estimate_controller.php, line 611]
2022-07-17 12:38:47 Debug: Notice (8): Undefined index:  GoodsMstView in [C:\xampp\htdocs\lilii\admin\app\controllers\customer_estimate_controller.php, line 612]
2022-07-17 12:38:47 Debug: Notice (8): Undefined index:  GoodsMstView in [C:\xampp\htdocs\lilii\admin\app\controllers\customer_estimate_controller.php, line 613]
2022-07-17 12:38:47 Debug: Notice (8): Undefined index:  GoodsMstView in [C:\xampp\htdocs\lilii\admin\app\controllers\customer_estimate_controller.php, line 614]
2022-07-17 12:38:47 Debug: Notice (8): Undefined index:  GoodsMstView in [C:\xampp\htdocs\lilii\admin\app\controllers\customer_estimate_controller.php, line 615]
2022-07-17 12:38:47 Debug: Notice (8): Undefined index:  GoodsMstView in [C:\xampp\htdocs\lilii\admin\app\controllers\customer_estimate_controller.php, line 616]
2022-07-17 12:50:20 Debug: Notice (8): Undefined index:  GoodsMstView in [C:\xampp\htdocs\lilii\admin\app\controllers\customer_estimate_controller.php, line 606]
2022-07-17 12:50:20 Debug: Notice (8): Undefined index:  GoodsMstView in [C:\xampp\htdocs\lilii\admin\app\controllers\customer_estimate_controller.php, line 607]
2022-07-17 12:50:20 Debug: Notice (8): Undefined index:  GoodsMstView in [C:\xampp\htdocs\lilii\admin\app\controllers\customer_estimate_controller.php, line 610]
2022-07-17 12:50:20 Debug: Notice (8): Undefined index:  GoodsMstView in [C:\xampp\htdocs\lilii\admin\app\controllers\customer_estimate_controller.php, line 611]
2022-07-17 12:50:20 Debug: Notice (8): Undefined index:  GoodsMstView in [C:\xampp\htdocs\lilii\admin\app\controllers\customer_estimate_controller.php, line 612]
2022-07-17 12:50:20 Debug: Notice (8): Undefined index:  GoodsMstView in [C:\xampp\htdocs\lilii\admin\app\controllers\customer_estimate_controller.php, line 613]
2022-07-17 12:50:20 Debug: Notice (8): Undefined index:  GoodsMstView in [C:\xampp\htdocs\lilii\admin\app\controllers\customer_estimate_controller.php, line 614]
2022-07-17 12:50:20 Debug: Notice (8): Undefined index:  GoodsMstView in [C:\xampp\htdocs\lilii\admin\app\controllers\customer_estimate_controller.php, line 615]
2022-07-17 12:50:20 Debug: Notice (8): Undefined index:  GoodsMstView in [C:\xampp\htdocs\lilii\admin\app\controllers\customer_estimate_controller.php, line 616]
2022-07-17 12:50:20 Debug: Notice (8): Undefined index:  GoodsMstView in [C:\xampp\htdocs\lilii\admin\app\controllers\customer_estimate_controller.php, line 617]
2022-07-17 13:00:12 Debug: Notice (8): Undefined index:  GoodsMstView in [C:\xampp\htdocs\lilii\admin\app\controllers\customer_estimate_controller.php, line 607]
2022-07-17 13:00:12 Debug: Notice (8): Undefined index:  GoodsMstView in [C:\xampp\htdocs\lilii\admin\app\controllers\customer_estimate_controller.php, line 608]
2022-07-17 13:00:12 Debug: Notice (8): Undefined index:  GoodsMstView in [C:\xampp\htdocs\lilii\admin\app\controllers\customer_estimate_controller.php, line 611]
2022-07-17 13:00:12 Debug: Notice (8): Undefined index:  GoodsMstView in [C:\xampp\htdocs\lilii\admin\app\controllers\customer_estimate_controller.php, line 612]
2022-07-17 13:00:12 Debug: Notice (8): Undefined index:  GoodsMstView in [C:\xampp\htdocs\lilii\admin\app\controllers\customer_estimate_controller.php, line 613]
2022-07-17 13:00:12 Debug: Notice (8): Undefined index:  GoodsMstView in [C:\xampp\htdocs\lilii\admin\app\controllers\customer_estimate_controller.php, line 614]
2022-07-17 13:00:12 Debug: Notice (8): Undefined index:  GoodsMstView in [C:\xampp\htdocs\lilii\admin\app\controllers\customer_estimate_controller.php, line 615]
2022-07-17 13:00:12 Debug: Notice (8): Undefined index:  GoodsMstView in [C:\xampp\htdocs\lilii\admin\app\controllers\customer_estimate_controller.php, line 616]
2022-07-17 13:00:12 Debug: Notice (8): Undefined index:  GoodsMstView in [C:\xampp\htdocs\lilii\admin\app\controllers\customer_estimate_controller.php, line 617]
2022-07-17 13:00:12 Debug: Notice (8): Undefined index:  GoodsMstView in [C:\xampp\htdocs\lilii\admin\app\controllers\customer_estimate_controller.php, line 618]
2022-07-17 13:08:17 Debug: Notice (8): Undefined index:  T1 in [C:\xampp\htdocs\lilii\admin\app\controllers\customer_estimate_controller.php, line 607]
2022-07-17 13:08:17 Debug: Notice (8): Undefined index:  T1 in [C:\xampp\htdocs\lilii\admin\app\controllers\customer_estimate_controller.php, line 608]
2022-07-17 13:08:17 Debug: Notice (8): Undefined index:  T1 in [C:\xampp\htdocs\lilii\admin\app\controllers\customer_estimate_controller.php, line 611]
2022-07-17 13:08:17 Debug: Notice (8): Undefined index:  T1 in [C:\xampp\htdocs\lilii\admin\app\controllers\customer_estimate_controller.php, line 612]
2022-07-17 13:08:17 Debug: Notice (8): Undefined index:  T1 in [C:\xampp\htdocs\lilii\admin\app\controllers\customer_estimate_controller.php, line 613]
2022-07-17 13:08:17 Debug: Notice (8): Undefined index:  T1 in [C:\xampp\htdocs\lilii\admin\app\controllers\customer_estimate_controller.php, line 614]
2022-07-17 13:08:17 Debug: Notice (8): Undefined index:  T1 in [C:\xampp\htdocs\lilii\admin\app\controllers\customer_estimate_controller.php, line 615]
2022-07-17 13:08:17 Debug: Notice (8): Undefined index:  T1 in [C:\xampp\htdocs\lilii\admin\app\controllers\customer_estimate_controller.php, line 616]
2022-07-17 13:08:17 Debug: Notice (8): Undefined index:  T1 in [C:\xampp\htdocs\lilii\admin\app\controllers\customer_estimate_controller.php, line 617]
2022-07-17 13:08:17 Debug: Notice (8): Undefined index:  T1 in [C:\xampp\htdocs\lilii\admin\app\controllers\customer_estimate_controller.php, line 618]
2022-07-17 13:08:39 Debug: Notice (8): Undefined index:  T1 in [C:\xampp\htdocs\lilii\admin\app\controllers\customer_estimate_controller.php, line 607]
2022-07-17 13:08:39 Debug: Notice (8): Undefined index:  T1 in [C:\xampp\htdocs\lilii\admin\app\controllers\customer_estimate_controller.php, line 608]
2022-07-17 13:08:39 Debug: Notice (8): Undefined index:  T1 in [C:\xampp\htdocs\lilii\admin\app\controllers\customer_estimate_controller.php, line 611]
2022-07-17 13:08:39 Debug: Notice (8): Undefined index:  T1 in [C:\xampp\htdocs\lilii\admin\app\controllers\customer_estimate_controller.php, line 612]
2022-07-17 13:08:39 Debug: Notice (8): Undefined index:  T1 in [C:\xampp\htdocs\lilii\admin\app\controllers\customer_estimate_controller.php, line 613]
2022-07-17 13:08:39 Debug: Notice (8): Undefined index:  T1 in [C:\xampp\htdocs\lilii\admin\app\controllers\customer_estimate_controller.php, line 614]
2022-07-17 13:08:39 Debug: Notice (8): Undefined index:  T1 in [C:\xampp\htdocs\lilii\admin\app\controllers\customer_estimate_controller.php, line 615]
2022-07-17 13:08:39 Debug: Notice (8): Undefined index:  T1 in [C:\xampp\htdocs\lilii\admin\app\controllers\customer_estimate_controller.php, line 616]
2022-07-17 13:08:39 Debug: Notice (8): Undefined index:  T1 in [C:\xampp\htdocs\lilii\admin\app\controllers\customer_estimate_controller.php, line 617]
2022-07-17 13:08:39 Debug: Notice (8): Undefined index:  T1 in [C:\xampp\htdocs\lilii\admin\app\controllers\customer_estimate_controller.php, line 618]
2022-07-17 15:10:34 Debug: Notice (8): Undefined offset:  1 in [C:\xampp\htdocs\lilii\admin\app\vendors\phpexcel\PHPExcel\Shared\PDF\tcpdf.php, line 19670]
2022-07-17 15:11:35 Debug: Notice (8): Undefined offset:  1 in [C:\xampp\htdocs\lilii\admin\app\vendors\phpexcel\PHPExcel\Shared\PDF\tcpdf.php, line 19670]
2022-07-17 15:32:07 Debug: Notice (8): Undefined variable: sub_menu_to_do_schedules in [C:\xampp\htdocs\lilii\admin\app\views\layouts\cust_list_info_main_tab.ctp, line 74]
2022-07-17 15:32:07 Debug: Notice (8): Undefined variable: sub_menu_to_do_schedules in [C:\xampp\htdocs\lilii\admin\app\views\layouts\cust_list_info_main_tab.ctp, line 74]
2022-07-17 15:32:09 Debug: Notice (8): Undefined variable: sub_menu_customer_schedule in [C:\xampp\htdocs\lilii\admin\app\views\layouts\cust_indivisual_info_main_tab.ctp, line 87]
2022-07-17 15:32:27 Debug: Notice (8): Undefined variable: sub_menu_customer_schedule in [C:\xampp\htdocs\lilii\admin\app\views\layouts\cust_indivisual_info_main_tab.ctp, line 87]
2022-07-17 15:32:29 Debug: Notice (8): Undefined variable: sub_menu_customer_schedule in [C:\xampp\htdocs\lilii\admin\app\views\layouts\cust_indivisual_info_main_tab.ctp, line 87]
2022-07-17 15:32:32 Debug: Notice (8): Undefined variable: sub_menu_customer_schedule in [C:\xampp\htdocs\lilii\admin\app\views\layouts\cust_indivisual_info_main_tab.ctp, line 87]
2022-07-17 15:34:49 Debug: Notice (8): Undefined variable: sub_menu_customer_schedule in [C:\xampp\htdocs\lilii\admin\app\views\layouts\cust_indivisual_info_main_tab.ctp, line 87]
2022-07-17 15:34:51 Debug: Notice (8): Undefined variable: sub_menu_customer_schedule in [C:\xampp\htdocs\lilii\admin\app\views\layouts\cust_indivisual_info_main_tab.ctp, line 87]
2022-07-17 15:56:02 Debug: Notice (8): Undefined variable: sub_menu_customer_schedule in [C:\xampp\htdocs\lilii\admin\app\views\layouts\cust_indivisual_info_main_tab.ctp, line 87]
2022-07-17 15:59:51 Debug: Notice (8): Undefined variable: sub_menu_customer_schedule in [C:\xampp\htdocs\lilii\admin\app\views\layouts\cust_indivisual_info_main_tab.ctp, line 87]
2022-07-17 16:01:00 Debug: Notice (8): Undefined variable: sub_menu_customer_schedule in [C:\xampp\htdocs\lilii\admin\app\views\layouts\cust_indivisual_info_main_tab.ctp, line 87]
2022-07-18 10:43:04 Debug: Notice (8): Undefined variable: sub_menu_to_do_schedules in [C:\xampp\htdocs\lilii\admin\app\views\layouts\cust_list_info_main_tab.ctp, line 74]
2022-07-18 10:43:05 Debug: Notice (8): Undefined variable: sub_menu_to_do_schedules in [C:\xampp\htdocs\lilii\admin\app\views\layouts\cust_list_info_main_tab.ctp, line 74]
2022-07-18 10:43:07 Debug: Notice (8): Undefined variable: sub_menu_customer_schedule in [C:\xampp\htdocs\lilii\admin\app\views\layouts\cust_indivisual_info_main_tab.ctp, line 87]
2022-07-18 10:43:08 Debug: Notice (8): Undefined variable: sub_menu_customer_schedule in [C:\xampp\htdocs\lilii\admin\app\views\layouts\cust_indivisual_info_main_tab.ctp, line 87]
2022-07-18 10:43:11 Debug: Notice (8): Undefined index:  additional1_aw_share in [C:\xampp\htdocs\lilii\admin\app\views\customer_estimate\edit_estimate.ctp, line 2842]
2022-07-18 10:43:11 Debug: Notice (8): Undefined index:  additional1_rw_share in [C:\xampp\htdocs\lilii\admin\app\views\customer_estimate\edit_estimate.ctp, line 2843]
2022-07-18 10:43:12 Debug: Notice (8): Undefined index:  additional1_aw_share in [C:\xampp\htdocs\lilii\admin\app\views\customer_estimate\edit_estimate.ctp, line 2842]
2022-07-18 10:43:12 Debug: Notice (8): Undefined index:  additional1_rw_share in [C:\xampp\htdocs\lilii\admin\app\views\customer_estimate\edit_estimate.ctp, line 2843]
2022-07-18 10:55:24 Debug: Notice (8): Undefined variable: sub_menu_customer_schedule in [C:\xampp\htdocs\lilii\admin\app\views\layouts\cust_indivisual_info_main_tab.ctp, line 87]
2022-07-18 10:59:00 Debug: Notice (8): Undefined variable: sub_menu_customer_schedule in [C:\xampp\htdocs\lilii\admin\app\views\layouts\cust_indivisual_info_main_tab.ctp, line 87]
2022-07-18 11:24:22 Debug: Notice (8): Undefined variable: sub_menu_customer_schedule in [C:\xampp\htdocs\lilii\admin\app\views\layouts\cust_indivisual_info_main_tab.ctp, line 87]
2022-07-18 11:25:25 Debug: Notice (8): Undefined variable: sub_menu_customer_schedule in [C:\xampp\htdocs\lilii\admin\app\views\layouts\cust_indivisual_info_main_tab.ctp, line 87]
2022-07-18 11:31:54 Debug: Notice (8): Undefined index:  cols in [C:\xampp\htdocs\lilii\admin\app\vendors\phpexcel\PHPExcel\Shared\PDF\tcpdf.php, line 18558]
2022-07-18 11:31:54 Debug: Notice (8): Undefined index:  thead in [C:\xampp\htdocs\lilii\admin\app\vendors\phpexcel\PHPExcel\Shared\PDF\tcpdf.php, line 18108]
2022-07-18 11:31:54 Debug: Notice (8): Undefined index:  rows in [C:\xampp\htdocs\lilii\admin\app\vendors\phpexcel\PHPExcel\Shared\PDF\tcpdf.php, line 18546]
2022-07-18 11:31:55 Debug: Notice (8): Undefined index:  thead in [C:\xampp\htdocs\lilii\admin\app\vendors\phpexcel\PHPExcel\Shared\PDF\tcpdf.php, line 18121]
2022-07-18 11:33:44 Debug: Notice (8): Undefined variable: sub_menu_customer_schedule in [C:\xampp\htdocs\lilii\admin\app\views\layouts\cust_indivisual_info_main_tab.ctp, line 87]
2022-07-18 12:33:15 Debug: Notice (8): Undefined variable: sub_menu_customer_schedule in [C:\xampp\htdocs\lilii\admin\app\views\layouts\cust_indivisual_info_main_tab.ctp, line 87]
2022-07-18 12:33:17 Debug: Notice (8): Undefined variable: sub_menu_customer_schedule in [C:\xampp\htdocs\lilii\admin\app\views\layouts\cust_indivisual_info_main_tab.ctp, line 87]
2022-07-18 12:33:41 Debug: Notice (8): Undefined variable: sub_menu_customer_schedule in [C:\xampp\htdocs\lilii\admin\app\views\layouts\cust_indivisual_info_main_tab.ctp, line 87]
2022-07-18 12:35:13 Debug: Notice (8): Undefined variable: sub_menu_customer_schedule in [C:\xampp\htdocs\lilii\admin\app\views\layouts\cust_indivisual_info_main_tab.ctp, line 87]
2022-07-18 12:35:26 Debug: Notice (8): Undefined variable: sub_menu_to_do_schedules in [C:\xampp\htdocs\lilii\admin\app\views\layouts\cust_list_info_main_tab.ctp, line 74]
2022-07-18 12:35:26 Debug: Notice (8): Undefined variable: sub_menu_to_do_schedules in [C:\xampp\htdocs\lilii\admin\app\views\layouts\cust_list_info_main_tab.ctp, line 74]
2022-07-18 12:35:27 Debug: Notice (8): Undefined variable: sub_menu_customer_schedule in [C:\xampp\htdocs\lilii\admin\app\views\layouts\cust_indivisual_info_main_tab.ctp, line 87]
2022-07-18 12:37:02 Debug: Notice (8): Undefined variable: wedding_dt_list in [C:\xampp\htdocs\lilii\admin\app\views\sales_management\index.ctp, line 80]
2022-07-18 12:37:02 Debug: Notice (8): Undefined variable: wedding_dt in [C:\xampp\htdocs\lilii\admin\app\views\sales_management\index.ctp, line 91]
2022-07-18 12:39:40 Debug: Notice (8): Undefined variable: wedding_dt_list in [C:\xampp\htdocs\lilii\admin\app\views\sales_management\index.ctp, line 80]
2022-07-18 12:39:40 Debug: Notice (8): Undefined variable: wedding_dt in [C:\xampp\htdocs\lilii\admin\app\views\sales_management\index.ctp, line 91]
2022-07-18 12:40:29 Debug: Notice (8): Undefined variable: wedding_dt_list in [C:\xampp\htdocs\lilii\admin\app\views\sales_management\index.ctp, line 80]
2022-07-18 12:40:29 Debug: Notice (8): Undefined variable: wedding_dt in [C:\xampp\htdocs\lilii\admin\app\views\sales_management\index.ctp, line 91]
2022-07-18 12:40:31 Debug: Notice (8): Undefined variable: sub_menu_to_do_schedules in [C:\xampp\htdocs\lilii\admin\app\views\layouts\cust_list_info_main_tab.ctp, line 74]
2022-07-18 12:40:31 Debug: Notice (8): Undefined variable: sub_menu_to_do_schedules in [C:\xampp\htdocs\lilii\admin\app\views\layouts\cust_list_info_main_tab.ctp, line 74]
2022-07-18 12:40:32 Debug: Notice (8): Undefined variable: wedding_dt_list in [C:\xampp\htdocs\lilii\admin\app\views\sales_management\index.ctp, line 80]
2022-07-18 12:40:32 Debug: Notice (8): Undefined variable: wedding_dt in [C:\xampp\htdocs\lilii\admin\app\views\sales_management\index.ctp, line 91]
2022-07-18 13:21:06 Debug: Notice (8): Undefined variable: sub_menu_to_do_schedules in [C:\xampp\htdocs\lilii\admin\app\views\layouts\cust_list_info_main_tab.ctp, line 74]
2022-07-18 13:21:07 Debug: Notice (8): Undefined variable: sub_menu_to_do_schedules in [C:\xampp\htdocs\lilii\admin\app\views\layouts\cust_list_info_main_tab.ctp, line 74]
2022-07-18 13:21:30 Debug: Notice (8): Undefined variable: wedding_dt_list in [C:\xampp\htdocs\lilii\admin\app\views\sales_management\index.ctp, line 80]
2022-07-18 13:21:30 Debug: Notice (8): Undefined variable: wedding_dt in [C:\xampp\htdocs\lilii\admin\app\views\sales_management\index.ctp, line 91]
2022-07-18 13:22:59 Debug: Notice (8): Undefined variable: sub_menu_to_do_schedules in [C:\xampp\htdocs\lilii\admin\app\views\layouts\cust_list_info_main_tab.ctp, line 74]
2022-07-18 13:22:59 Debug: Notice (8): Undefined variable: sub_menu_to_do_schedules in [C:\xampp\htdocs\lilii\admin\app\views\layouts\cust_list_info_main_tab.ctp, line 74]
2022-07-18 13:23:00 Debug: Notice (8): Undefined variable: sub_menu_customer_schedule in [C:\xampp\htdocs\lilii\admin\app\views\layouts\cust_indivisual_info_main_tab.ctp, line 87]
2022-07-18 13:23:01 Debug: Notice (8): Undefined variable: sub_menu_customer_schedule in [C:\xampp\htdocs\lilii\admin\app\views\layouts\cust_indivisual_info_main_tab.ctp, line 87]
2022-07-18 13:39:09 Debug: Notice (8): Undefined index:  cols in [C:\xampp\htdocs\lilii\admin\app\vendors\phpexcel\PHPExcel\Shared\PDF\tcpdf.php, line 18558]
2022-07-18 13:39:09 Debug: Notice (8): Undefined index:  thead in [C:\xampp\htdocs\lilii\admin\app\vendors\phpexcel\PHPExcel\Shared\PDF\tcpdf.php, line 18108]
2022-07-18 13:39:09 Debug: Notice (8): Undefined index:  rows in [C:\xampp\htdocs\lilii\admin\app\vendors\phpexcel\PHPExcel\Shared\PDF\tcpdf.php, line 18546]
2022-07-18 13:39:49 Debug: Notice (8): Undefined index:  old_cell_padding in [C:\xampp\htdocs\lilii\admin\app\vendors\phpexcel\PHPExcel\Shared\PDF\tcpdf.php, line 21102]
2022-07-18 13:39:49 Debug: Notice (8): Undefined variable: xmax in [C:\xampp\htdocs\lilii\admin\app\vendors\phpexcel\PHPExcel\Shared\PDF\tcpdf.php, line 21229]
2022-07-18 13:43:34 Debug: Notice (8): Undefined index:  cols in [C:\xampp\htdocs\lilii\admin\app\vendors\phpexcel\PHPExcel\Shared\PDF\tcpdf.php, line 18558]
2022-07-18 13:43:35 Debug: Notice (8): Undefined index:  thead in [C:\xampp\htdocs\lilii\admin\app\vendors\phpexcel\PHPExcel\Shared\PDF\tcpdf.php, line 18108]
2022-07-18 13:43:35 Debug: Notice (8): Undefined index:  rows in [C:\xampp\htdocs\lilii\admin\app\vendors\phpexcel\PHPExcel\Shared\PDF\tcpdf.php, line 18546]
2022-07-18 13:43:35 Debug: Notice (8): Undefined index:  thead in [C:\xampp\htdocs\lilii\admin\app\vendors\phpexcel\PHPExcel\Shared\PDF\tcpdf.php, line 18121]
2022-07-18 14:12:10 Debug: Notice (8): Undefined variable: empty in [C:\xampp\htdocs\lilii\admin\app\views\customer_estimate\invoice_pdf.ctp, line 79]
2022-07-18 14:17:38 Debug: Notice (8): Undefined variable: sub_menu_customer_schedule in [C:\xampp\htdocs\lilii\admin\app\views\layouts\cust_indivisual_info_main_tab.ctp, line 87]
2022-07-18 14:19:59 Debug: Notice (8): Undefined variable: sub_menu_customer_schedule in [C:\xampp\htdocs\lilii\admin\app\views\layouts\cust_indivisual_info_main_tab.ctp, line 87]
2022-07-18 14:22:50 Debug: Notice (8): Undefined variable: sub_menu_customer_schedule in [C:\xampp\htdocs\lilii\admin\app\views\layouts\cust_indivisual_info_main_tab.ctp, line 87]
2022-07-18 14:25:15 Debug: Notice (8): Undefined variable: sub_menu_customer_schedule in [C:\xampp\htdocs\lilii\admin\app\views\layouts\cust_indivisual_info_main_tab.ctp, line 87]
2022-07-18 14:34:16 Debug: Notice (8): Undefined variable: sub_menu_customer_schedule in [C:\xampp\htdocs\lilii\admin\app\views\layouts\cust_indivisual_info_main_tab.ctp, line 87]
2022-07-18 14:34:34 Debug: Notice (8): Undefined variable: sub_menu_customer_schedule in [C:\xampp\htdocs\lilii\admin\app\views\layouts\cust_indivisual_info_main_tab.ctp, line 87]
2022-07-18 14:34:46 Debug: Notice (8): Undefined variable: sub_menu_customer_schedule in [C:\xampp\htdocs\lilii\admin\app\views\layouts\cust_indivisual_info_main_tab.ctp, line 87]
2022-07-18 14:34:56 Debug: Notice (8): Undefined variable: sub_menu_customer_schedule in [C:\xampp\htdocs\lilii\admin\app\views\layouts\cust_indivisual_info_main_tab.ctp, line 87]
2022-07-18 14:34:57 Debug: Notice (8): Undefined variable: sub_menu_customer_schedule in [C:\xampp\htdocs\lilii\admin\app\views\layouts\cust_indivisual_info_main_tab.ctp, line 87]
2022-07-18 14:36:04 Debug: Notice (8): Undefined variable: sub_menu_customer_schedule in [C:\xampp\htdocs\lilii\admin\app\views\layouts\cust_indivisual_info_main_tab.ctp, line 87]
2022-07-18 14:41:20 Debug: Notice (8): Undefined variable: sub_menu_customer_schedule in [C:\xampp\htdocs\lilii\admin\app\views\layouts\cust_indivisual_info_main_tab.ctp, line 87]
2022-07-18 14:44:40 Debug: Notice (8): Undefined variable: sub_menu_customer_schedule in [C:\xampp\htdocs\lilii\admin\app\views\layouts\cust_indivisual_info_main_tab.ctp, line 87]
2022-07-18 14:44:47 Debug: Notice (8): Undefined variable: sub_menu_customer_schedule in [C:\xampp\htdocs\lilii\admin\app\views\layouts\cust_indivisual_info_main_tab.ctp, line 87]
2022-07-18 14:48:42 Debug: Notice (8): Undefined variable: sub_menu_customer_schedule in [C:\xampp\htdocs\lilii\admin\app\views\layouts\cust_indivisual_info_main_tab.ctp, line 87]
2022-07-18 14:52:19 Debug: Notice (8): Undefined variable: sub_menu_customer_schedule in [C:\xampp\htdocs\lilii\admin\app\views\layouts\cust_indivisual_info_main_tab.ctp, line 87]
2022-07-18 15:12:09 Debug: Notice (8): Undefined variable: sub_menu_customer_schedule in [C:\xampp\htdocs\lilii\admin\app\views\layouts\cust_indivisual_info_main_tab.ctp, line 87]
2022-07-18 15:13:18 Debug: Notice (8): Undefined variable: sub_menu_customer_schedule in [C:\xampp\htdocs\lilii\admin\app\views\layouts\cust_indivisual_info_main_tab.ctp, line 87]
2022-07-18 15:26:00 Debug: Notice (8): Undefined variable: sub_menu_customer_schedule in [C:\xampp\htdocs\lilii\admin\app\views\layouts\cust_indivisual_info_main_tab.ctp, line 87]
2022-07-18 15:26:12 Debug: Notice (8): Undefined variable: sub_menu_customer_schedule in [C:\xampp\htdocs\lilii\admin\app\views\layouts\cust_indivisual_info_main_tab.ctp, line 87]
2022-07-18 15:26:28 Debug: Notice (8): Undefined variable: sub_menu_customer_schedule in [C:\xampp\htdocs\lilii\admin\app\views\layouts\cust_indivisual_info_main_tab.ctp, line 87]
2022-07-18 15:27:54 Debug: Notice (8): Undefined variable: sub_menu_customer_schedule in [C:\xampp\htdocs\lilii\admin\app\views\layouts\cust_indivisual_info_main_tab.ctp, line 87]
2022-07-18 15:28:05 Debug: Notice (8): Undefined variable: sub_menu_customer_schedule in [C:\xampp\htdocs\lilii\admin\app\views\layouts\cust_indivisual_info_main_tab.ctp, line 87]
2022-07-18 15:39:51 Debug: Notice (8): Undefined variable: sub_menu_customer_schedule in [C:\xampp\htdocs\lilii\admin\app\views\layouts\cust_indivisual_info_main_tab.ctp, line 87]
2022-07-18 15:39:58 Debug: Notice (8): Undefined variable: sub_menu_customer_schedule in [C:\xampp\htdocs\lilii\admin\app\views\layouts\cust_indivisual_info_main_tab.ctp, line 87]
2022-07-18 15:40:05 Debug: Notice (8): Undefined variable: sub_menu_customer_schedule in [C:\xampp\htdocs\lilii\admin\app\views\layouts\cust_indivisual_info_main_tab.ctp, line 87]
2022-07-18 15:40:19 Debug: Notice (8): Undefined variable: sub_menu_customer_schedule in [C:\xampp\htdocs\lilii\admin\app\views\layouts\cust_indivisual_info_main_tab.ctp, line 87]
2022-07-18 15:42:48 Debug: Notice (8): Undefined variable: sub_menu_customer_schedule in [C:\xampp\htdocs\lilii\admin\app\views\layouts\cust_indivisual_info_main_tab.ctp, line 87]
2022-07-18 15:42:51 Debug: Notice (8): Undefined variable: sub_menu_customer_schedule in [C:\xampp\htdocs\lilii\admin\app\views\layouts\cust_indivisual_info_main_tab.ctp, line 87]
2022-07-18 16:18:56 Debug: Notice (8): Undefined variable: sub_menu_customer_schedule in [C:\xampp\htdocs\lilii\admin\app\views\layouts\cust_indivisual_info_main_tab.ctp, line 87]
2022-07-18 16:20:32 Debug: Notice (8): Undefined variable: sub_menu_customer_schedule in [C:\xampp\htdocs\lilii\admin\app\views\layouts\cust_indivisual_info_main_tab.ctp, line 87]
2022-07-18 16:26:26 Debug: Notice (8): Undefined variable: sub_menu_customer_schedule in [C:\xampp\htdocs\lilii\admin\app\views\layouts\cust_indivisual_info_main_tab.ctp, line 87]
2022-07-24 12:30:13 Debug: Notice (8): Undefined variable: sub_menu_to_do_schedules in [C:\xampp\htdocs\lilii\admin\app\views\layouts\cust_list_info_main_tab.ctp, line 74]
2022-07-24 12:30:14 Debug: Notice (8): Undefined variable: sub_menu_to_do_schedules in [C:\xampp\htdocs\lilii\admin\app\views\layouts\cust_list_info_main_tab.ctp, line 74]
2022-07-24 12:30:16 Debug: Notice (8): Undefined variable: sub_menu_customer_schedule in [C:\xampp\htdocs\lilii\admin\app\views\layouts\cust_indivisual_info_main_tab.ctp, line 87]
2022-07-24 12:30:19 Debug: Notice (8): Undefined variable: sub_menu_customer_schedule in [C:\xampp\htdocs\lilii\admin\app\views\layouts\cust_indivisual_info_main_tab.ctp, line 87]
2022-07-24 12:31:09 Debug: Notice (8): Undefined variable: sub_menu_to_do_schedules in [C:\xampp\htdocs\lilii\admin\app\views\layouts\cust_list_info_main_tab.ctp, line 74]
2022-07-24 12:31:10 Debug: Notice (8): Undefined variable: sub_menu_to_do_schedules in [C:\xampp\htdocs\lilii\admin\app\views\layouts\cust_list_info_main_tab.ctp, line 74]
2022-07-24 12:31:12 Debug: Notice (8): Undefined variable: sub_menu_customer_schedule in [C:\xampp\htdocs\lilii\admin\app\views\layouts\cust_indivisual_info_main_tab.ctp, line 87]
2022-07-24 12:31:14 Debug: Notice (8): Undefined variable: sub_menu_customer_schedule in [C:\xampp\htdocs\lilii\admin\app\views\layouts\cust_indivisual_info_main_tab.ctp, line 87]
2022-07-24 12:33:32 Debug: Notice (8): Undefined variable: sub_menu_customer_schedule in [C:\xampp\htdocs\lilii\admin\app\views\layouts\cust_indivisual_info_main_tab.ctp, line 87]
2022-07-24 12:33:48 Debug: Notice (8): Undefined variable: sub_menu_customer_schedule in [C:\xampp\htdocs\lilii\admin\app\views\layouts\cust_indivisual_info_main_tab.ctp, line 87]
2022-07-24 12:40:24 Debug: Notice (8): Undefined variable: sub_menu_customer_schedule in [C:\xampp\htdocs\lilii\admin\app\views\layouts\cust_indivisual_info_main_tab.ctp, line 87]
2022-07-24 12:41:19 Debug: Notice (8): Undefined variable: sub_menu_customer_schedule in [C:\xampp\htdocs\lilii\admin\app\views\layouts\cust_indivisual_info_main_tab.ctp, line 87]
2022-07-24 12:47:22 Debug: Notice (8): Undefined index:  rows in [C:\xampp\htdocs\lilii\admin\app\vendors\phpexcel\PHPExcel\Shared\PDF\tcpdf.php, line 18546]
2022-07-24 12:47:46 Debug: Notice (8): Undefined index:  trids in [C:\xampp\htdocs\lilii\admin\app\vendors\phpexcel\PHPExcel\Shared\PDF\tcpdf.php, line 20864]
2022-07-24 12:47:47 Debug: Notice (8): Undefined index:  trids in [C:\xampp\htdocs\lilii\admin\app\vendors\phpexcel\PHPExcel\Shared\PDF\tcpdf.php, line 20894]
2022-07-24 12:47:47 Debug: Notice (8): Undefined index:  old_cell_padding in [C:\xampp\htdocs\lilii\admin\app\vendors\phpexcel\PHPExcel\Shared\PDF\tcpdf.php, line 21102]
2022-07-24 12:47:48 Debug: Notice (8): Undefined variable: xmax in [C:\xampp\htdocs\lilii\admin\app\vendors\phpexcel\PHPExcel\Shared\PDF\tcpdf.php, line 21229]
2022-07-24 12:53:32 Debug: Notice (8): Undefined variable: sub_menu_customer_schedule in [C:\xampp\htdocs\lilii\admin\app\views\layouts\cust_indivisual_info_main_tab.ctp, line 87]
2022-07-24 16:59:26 Debug: Notice (8): Undefined variable: sub_menu_to_do_schedules in [C:\xampp\htdocs\lilii\admin\app\views\layouts\cust_list_info_main_tab.ctp, line 74]
2022-07-24 16:59:26 Debug: Notice (8): Undefined variable: sub_menu_to_do_schedules in [C:\xampp\htdocs\lilii\admin\app\views\layouts\cust_list_info_main_tab.ctp, line 74]
2022-07-24 17:03:33 Debug: Notice (8): Undefined variable: sub_menu_to_do_schedules in [C:\xampp\htdocs\lilii\admin\app\views\layouts\cust_list_info_main_tab.ctp, line 74]
2022-07-24 17:03:34 Debug: Notice (8): Undefined variable: sub_menu_to_do_schedules in [C:\xampp\htdocs\lilii\admin\app\views\layouts\cust_list_info_main_tab.ctp, line 74]
2022-07-24 17:03:36 Debug: Notice (8): Undefined variable: sub_menu_customer_schedule in [C:\xampp\htdocs\lilii\admin\app\views\layouts\cust_indivisual_info_main_tab.ctp, line 87]
2022-07-24 17:03:47 Debug: Notice (8): Undefined variable: sub_menu_customer_schedule in [C:\xampp\htdocs\lilii\admin\app\views\layouts\cust_indivisual_info_main_tab.ctp, line 87]
2022-07-24 17:03:49 Debug: Notice (8): Undefined variable: sub_menu_customer_schedule in [C:\xampp\htdocs\lilii\admin\app\views\layouts\cust_indivisual_info_main_tab.ctp, line 87]
